<?xml version="1.0" encoding="UTF-8"?>
<testsuite name="main.RecursiveCountDownTest" tests="2" skipped="0" failures="0" errors="0" timestamp="2024-10-03T16:12:58" hostname="DESKTOP-4J57K3Q" time="0.027">
  <properties/>
  <testcase name="countDown0_recursiveCountDown_returnsExpected()" classname="main.RecursiveCountDownTest" time="0.017"/>
  <testcase name="countDown12_recursiveCountDown_returnsExpected()" classname="main.RecursiveCountDownTest" time="0.01"/>
  <system-out><![CDATA[]]></system-out>
  <system-err><![CDATA[]]></system-err>
</testsuite>
